<?xml version="1.0" encoding="utf-8"?><testsuite errors="0" failures="3" name="pytest" skips="0" tests="68" time="1.201"><testcase classname="valid8.tests.test_composition" file="valid8/tests/test_composition.py" line="6" name="test_empty_validators_list" time="0.0017352104187011719"></testcase><testcase classname="valid8.tests.test_composition" file="valid8/tests/test_composition.py" line="13" name="test_list_implicit_and" time="0.002131938934326172"></testcase><testcase classname="valid8.tests.test_composition" file="valid8/tests/test_composition.py" line="22" name="test_not_not_all" time="0.004006385803222656"></testcase><testcase classname="valid8.tests.test_composition" file="valid8/tests/test_composition.py" line="56" name="test_validate_or" time="0.001611471176147461"></testcase><testcase classname="valid8.tests.test_composition" file="valid8/tests/test_composition.py" line="82" name="test_validate_xor" time="0.0017323493957519531"></testcase><testcase classname="valid8.tests.test_composition" file="valid8/tests/test_composition.py" line="106" name="test_validate_and" time="0.00235748291015625"></testcase><testcase classname="valid8.tests.test_entry_points_annotations" file="valid8/tests/test_entry_points_annotations.py" line="8" name="test_validate_field" time="0.002468109130859375"></testcase><testcase classname="valid8.tests.test_entry_points_annotations" file="valid8/tests/test_entry_points_annotations.py" line="53" name="test_validate_field_property" time="0.003565073013305664"></testcase><testcase classname="valid8.tests.test_entry_points_annotations" file="valid8/tests/test_entry_points_annotations.py" line="103" name="test_validate_field_custom_type" time="0.0039365291595458984"></testcase><testcase classname="valid8.tests.test_entry_points_annotations" file="valid8/tests/test_entry_points_annotations.py" line="142" name="test_validate_attr" time="0.013219356536865234"></testcase><testcase classname="valid8.tests.test_entry_points_annotations" file="valid8/tests/test_entry_points_annotations.py" line="154" name="test_validate_arg_nominal_builtin_validators" time="0.0031609535217285156"><system-out>hello
hello
</system-out></testcase><testcase classname="valid8.tests.test_entry_points_annotations" file="valid8/tests/test_entry_points_annotations.py" line="184" name="test_validate_out" time="0.004026651382446289"></testcase><testcase classname="valid8.tests.test_entry_points_annotations" file="valid8/tests/test_entry_points_annotations.py" line="201" name="test_validate_nominal_builtin_validators" time="0.00468754768371582"><system-out>hello
hello
</system-out></testcase><testcase classname="valid8.tests.test_entry_points_annotations" file="valid8/tests/test_entry_points_annotations.py" line="231" name="test_validate_custom_validators_basic" time="0.004618406295776367"><system-out>hello
</system-out></testcase><testcase classname="valid8.tests.test_entry_points_annotations" file="valid8/tests/test_entry_points_annotations.py" line="279" name="test_validate_custom_validators_with_exception" time="0.004228353500366211"><system-out>hello
1
2
3
</system-out></testcase><testcase classname="valid8.tests.test_entry_points_annotations" file="valid8/tests/test_entry_points_annotations.py" line="332" name="test_validate_mini_lambda" time="0.0030226707458496094"><system-out>Hello, john your age is 20
</system-out></testcase><testcase classname="valid8.tests.test_entry_points_annotations" file="valid8/tests/test_entry_points_annotations.py" line="345" name="test_validate_none_enforce" time="0.005465507507324219"><system-out>hello
</system-out></testcase><testcase classname="valid8.tests.test_entry_points_annotations" file="valid8/tests/test_entry_points_annotations.py" line="366" name="test_validate_none_pytypes" time="0.013750076293945312"><system-out>hello
</system-out></testcase><testcase classname="valid8.tests.test_entry_points_annotations" file="valid8/tests/test_entry_points_annotations.py" line="387" name="test_validate_none_is_allowed" time="0.0015163421630859375"><system-out>hello
hello
</system-out></testcase><testcase classname="valid8.tests.test_entry_points_annotations" file="valid8/tests/test_entry_points_annotations.py" line="399" name="test_validate_name_error" time="0.0010776519775390625"></testcase><testcase classname="valid8.tests.test_entry_points_annotations" file="valid8/tests/test_entry_points_annotations.py" line="408" name="test_decorate_manually" time="0.0018787384033203125"></testcase><testcase classname="valid8.tests.test_entry_points_inline" file="valid8/tests/test_entry_points_inline.py" line="4" name="test_validate_" time="0.0012409687042236328"></testcase><testcase classname="valid8.tests.test_entry_points_inline" file="valid8/tests/test_entry_points_inline.py" line="30" name="test_readme_usage_validate__customization" time="0.0018706321716308594"></testcase><testcase classname="valid8.tests.test_entry_points_inline" file="valid8/tests/test_entry_points_inline.py" line="68" name="test_wrap_valid" time="0.010147333145141602"><failure message="assert &apos;Error valida...ex() &gt; int().&apos; == &quot;Error validat...x&apos; and &apos;int&apos;.&quot;
  - Error validating [surface=1j]. Validation function [v.alid = surf &gt; 0 and isfinite(surf)] raised TypeError: unorderable types: complex() &gt; int().
  ?                                                                                                             ^     ^ ^^^^^^^  ^^       ^^^^^   ^^
  + Error validating [surface=1j]. Validation function [v.alid = surf &gt; 0 and isfinite(surf)] raised TypeError: &apos;&gt;&apos; not supported between instances of &apos;complex&apos; and &apos;int&apos;.
  ?                                                                                                             ^^^^  +++++++ ++ ++ ^^^^^^^^^^ ^^  ^^^^^       ^^^^^^^   ^">def test_wrap_valid():
        &quot;&quot;&quot; Tests the validation context manager &quot;&quot;&quot;
    
        from valid8 import wrap_valid
        from math import isfinite
    
        # nominal
        surf = 2
        with wrap_valid(&apos;surface&apos;, surf) as v:
            v.alid = surf &gt; 0 and isfinite(surf)
    
        # wrong value (no inner exception)
        surf = -1
        with pytest.raises(ValidationError) as exc_info:
            with wrap_valid(&apos;surface&apos;, surf) as v:
                v.alid = surf &gt; 0 and isfinite(surf)
        e = exc_info.value
        assert str(e) == &quot;Error validating [surface=-1]: &quot; \
                         &quot;validation function [v.alid = surf &gt; 0 and isfinite(surf)] returned [False].&quot;
    
        # wrong type (inner exception)
        with pytest.raises(ValidationError) as exc_info:
            surf = 1j
            with wrap_valid(&apos;surface&apos;, surf) as v:
                v.alid = surf &gt; 0 and isfinite(surf)
        e = exc_info.value
&gt;       assert str(e) == &quot;Error validating [surface=1j]. &quot; \
                         &quot;Validation function [v.alid = surf &gt; 0 and isfinite(surf)] raised &quot; \
                         &quot;TypeError: &apos;&gt;&apos; not supported between instances of &apos;complex&apos; and &apos;int&apos;.&quot;
E       assert &apos;Error valida...ex() &gt; int().&apos; == &quot;Error validat...x&apos; and &apos;int&apos;.&quot;
E         - Error validating [surface=1j]. Validation function [v.alid = surf &gt; 0 and isfinite(surf)] raised TypeError: unorderable types: complex() &gt; int().
E         ?                                                                                                             ^     ^ ^^^^^^^  ^^       ^^^^^   ^^
E         + Error validating [surface=1j]. Validation function [v.alid = surf &gt; 0 and isfinite(surf)] raised TypeError: &apos;&gt;&apos; not supported between instances of &apos;complex&apos; and &apos;int&apos;.
E         ?                                                                                                             ^^^^  +++++++ ++ ++ ^^^^^^^^^^ ^^  ^^^^^       ^^^^^^^   ^

valid8/tests/test_entry_points_inline.py:95: AssertionError</failure></testcase><testcase classname="valid8.tests.test_entry_points_inline" file="valid8/tests/test_entry_points_inline.py" line="99" name="test_readme_usage_wrap_valid_customization" time="0.005923271179199219"><failure message="assert &apos;Surface shou...ex() &gt; int().&apos; == &quot;Surface shoul...x&apos; and &apos;int&apos;.&quot;
  - Surface should be a finite positive integer. Error validating [surface=1j]. Validation function [v.alid = surf &gt; 0 and isfinite(surf)] raised TypeError: unorderable types: complex() &gt; int().
  ?                                                                                                                                                          ^^^^^^^^ ^^^^^^^^^^       ^^^^^^^^^^^
  + Surface should be a finite positive integer. Error validating [surface=1j]. Validation function [v.alid = surf &gt; 0 and isfinite(surf)] raised TypeError: &apos;&gt;&apos; not supported between instances of &apos;complex&apos; and &apos;int&apos;.
  ?                                                                                                                                                          ^^^^^^^^^^^^^^^^^^ ^^^^^^^^^^^^^^^^^^^^^       ^^^^^^^^^^^^">def test_readme_usage_wrap_valid_customization():
    
        from valid8 import wrap_valid
        from math import isfinite
    
        surf = 1j
    
        # (A) custom error message (exception is still a ValidationError)
        with pytest.raises(ValidationError) as exc_info:
            with wrap_valid(&apos;surface&apos;, surf, help_msg=&quot;Surface should be a finite positive integer&quot;) as v:
                v.alid = surf &gt; 0 and isfinite(surf)
        e = exc_info.value
&gt;       assert str(e) == &quot;Surface should be a finite positive integer. Error validating [surface=1j]. &quot; \
                         &quot;Validation function [v.alid = surf &gt; 0 and isfinite(surf)] raised &quot; \
                         &quot;TypeError: &apos;&gt;&apos; not supported between instances of &apos;complex&apos; and &apos;int&apos;.&quot;
E       assert &apos;Surface shou...ex() &gt; int().&apos; == &quot;Surface shoul...x&apos; and &apos;int&apos;.&quot;
E         - Surface should be a finite positive integer. Error validating [surface=1j]. Validation function [v.alid = surf &gt; 0 and isfinite(surf)] raised TypeError: unorderable types: complex() &gt; int().
E         ?                                                                                                                                                          ^^^^^^^^ ^^^^^^^^^^       ^^^^^^^^^^^
E         + Surface should be a finite positive integer. Error validating [surface=1j]. Validation function [v.alid = surf &gt; 0 and isfinite(surf)] raised TypeError: &apos;&gt;&apos; not supported between instances of &apos;complex&apos; and &apos;int&apos;.
E         ?                                                                                                                                                          ^^^^^^^^^^^^^^^^^^ ^^^^^^^^^^^^^^^^^^^^^       ^^^^^^^^^^^^

valid8/tests/test_entry_points_inline.py:112: AssertionError</failure></testcase><testcase classname="valid8.tests.test_readme_combining" file="valid8/tests/test_readme_combining.py" line="7" name="test_readme_index_combining_enforce" time="0.008342981338500977"><system-out>Building house... DONE !
Building house... DONE !
</system-out></testcase><testcase classname="valid8.tests.test_readme_combining" file="valid8/tests/test_readme_combining.py" line="50" name="test_readme_index_combining_autoclass" time="0.010545730590820312"></testcase><testcase classname="valid8.tests.test_readme_combining" file="valid8/tests/test_readme_combining.py" line="82" name="test_readme_index_combining_autoclass_2" time="0.006830930709838867"></testcase><testcase classname="valid8.tests.test_readme_combining" file="valid8/tests/test_readme_combining.py" line="113" name="test_readme_index_combining_attrs" time="0.005089282989501953"></testcase><testcase classname="valid8.tests.test_readme_combining" file="valid8/tests/test_readme_combining.py" line="145" name="test_unused_pytypes" time="0.01279449462890625"><system-out>you did it !
you did it !
</system-out></testcase><testcase classname="valid8.tests.test_readme_examples" file="valid8/tests/test_readme_examples.py" line="5" name="test_readme_examples_1" time="0.0044176578521728516"></testcase><testcase classname="valid8.tests.test_readme_examples" file="valid8/tests/test_readme_examples.py" line="58" name="test_readme_examples_2" time="0.0039021968841552734"></testcase><testcase classname="valid8.tests.test_readme_index" file="valid8/tests/test_readme_index.py" line="9" name="test_readme_index_usage_quick" time="0.0014529228210449219"></testcase><testcase classname="valid8.tests.test_readme_index" file="valid8/tests/test_readme_index.py" line="23" name="test_readme_usage_wrap_valid" time="0.007582426071166992"><failure message="assert &apos;Error valida...ex() &gt; int().&apos; == &quot;Error validat...x&apos; and &apos;int&apos;.&quot;
  - Error validating [surface=1j]. Validation function [v.alid = surf &gt; 0 and isfinite(surf)] raised TypeError: unorderable types: complex() &gt; int().
  ?                                                                                                             ^     ^ ^^^^^^^  ^^       ^^^^^   ^^
  + Error validating [surface=1j]. Validation function [v.alid = surf &gt; 0 and isfinite(surf)] raised TypeError: &apos;&gt;&apos; not supported between instances of &apos;complex&apos; and &apos;int&apos;.
  ?                                                                                                             ^^^^  +++++++ ++ ++ ^^^^^^^^^^ ^^  ^^^^^       ^^^^^^^   ^">def test_readme_usage_wrap_valid():
        &quot;&quot;&quot; Tests that the example under index/usage/validation works &quot;&quot;&quot;
    
        from valid8 import wrap_valid
        from math import isfinite
    
        surf = -1
    
        with pytest.raises(ValidationError) as exc_info:
            with wrap_valid(&apos;surface&apos;, surf) as v:
                v.alid = surf &gt; 0 and isfinite(surf)
        e = exc_info.value
        assert str(e) == &quot;Error validating [surface=-1]: &quot; \
                         &quot;validation function [v.alid = surf &gt; 0 and isfinite(surf)] returned [False].&quot;
    
        surf = 1j
    
        with pytest.raises(ValidationError) as exc_info:
            with wrap_valid(&apos;surface&apos;, surf) as v:
                v.alid = surf &gt; 0 and isfinite(surf)
        e = exc_info.value
&gt;       assert str(e) == &quot;Error validating [surface=1j]. &quot; \
                         &quot;Validation function [v.alid = surf &gt; 0 and isfinite(surf)] raised &quot; \
                         &quot;TypeError: &apos;&gt;&apos; not supported between instances of &apos;complex&apos; and &apos;int&apos;.&quot;
E       assert &apos;Error valida...ex() &gt; int().&apos; == &quot;Error validat...x&apos; and &apos;int&apos;.&quot;
E         - Error validating [surface=1j]. Validation function [v.alid = surf &gt; 0 and isfinite(surf)] raised TypeError: unorderable types: complex() &gt; int().
E         ?                                                                                                             ^     ^ ^^^^^^^  ^^       ^^^^^   ^^
E         + Error validating [surface=1j]. Validation function [v.alid = surf &gt; 0 and isfinite(surf)] raised TypeError: &apos;&gt;&apos; not supported between instances of &apos;complex&apos; and &apos;int&apos;.
E         ?                                                                                                             ^^^^  +++++++ ++ ++ ^^^^^^^^^^ ^^  ^^^^^       ^^^^^^^   ^

valid8/tests/test_readme_index.py:45: AssertionError</failure></testcase><testcase classname="valid8.tests.test_readme_index" file="valid8/tests/test_readme_index.py" line="77" name="test_readme_usage_customization" time="0.0038874149322509766"></testcase><testcase classname="valid8.tests.test_readme_index" file="valid8/tests/test_readme_index.py" line="141" name="test_readme_index_usage_basic" time="0.0020923614501953125"></testcase><testcase classname="valid8.tests.test_readme_index" file="valid8/tests/test_readme_index.py" line="165" name="test_readme_index_usage_function" time="0.004518747329711914"><system-out>Building house... DONE !
Building house... DONE !
Building house... DONE !
</system-out></testcase><testcase classname="valid8.tests.test_readme_index" file="valid8/tests/test_readme_index.py" line="210" name="test_readme_index_usage_class_fields" time="0.0035572052001953125"></testcase><testcase classname="valid8.tests.test_readme_index" file="valid8/tests/test_readme_index.py" line="244" name="test_testing" time="0.0012869834899902344"></testcase><testcase classname="valid8.tests.test_readme_index" file="valid8/tests/test_readme_index.py" line="259" name="test_advanced_composition" time="0.001325368881225586"></testcase><testcase classname="valid8.tests.test_readme_index" file="valid8/tests/test_readme_index.py" line="278" name="test_readme_index_usage_customization" time="0.0019168853759765625"></testcase><testcase classname="valid8.tests.test_readme_index" file="valid8/tests/test_readme_index.py" line="337" name="test_readme_index_usage_composition" time="0.002885103225708008"></testcase><testcase classname="valid8.tests.test_readme_usage" file="valid8/tests/test_readme_usage.py" line="8" name="test_tutorial" time="0.0020198822021484375"></testcase><testcase classname="valid8.tests.test_readme_usage" file="valid8/tests/test_readme_usage.py" line="68" name="test_usage_base_validation_functions" time="0.0013463497161865234"></testcase><testcase classname="valid8.tests.test_readme_usage" file="valid8/tests/test_readme_usage.py" line="74" name="test_usage_ensure_valid" time="0.0030035972595214844"></testcase><testcase classname="valid8.tests.test_readme_usage" file="valid8/tests/test_readme_usage.py" line="124" name="test_usage_is_valid" time="0.00235748291015625"></testcase><testcase classname="valid8.tests.test_readme_usage" file="valid8/tests/test_readme_usage.py" line="164" name="test_usage_validators" time="0.0027265548706054688"></testcase><testcase classname="valid8.tests.test_readme_usage" file="valid8/tests/test_readme_usage.py" line="321" name="test_usage_validate_annotation" time="0.00180816650390625"></testcase><testcase classname="valid8.tests.test_readme_usage" file="valid8/tests/test_readme_usage.py" line="338" name="test_usage_custom_validators" time="0.0033507347106933594"></testcase><testcase classname="valid8.tests.test_validation_lib.test_validators_collections" file="valid8/tests/test_validation_lib/test_validators_collections.py" line="7" name="test_is_in" time="0.0009429454803466797"></testcase><testcase classname="valid8.tests.test_validation_lib.test_validators_collections" file="valid8/tests/test_validation_lib/test_validators_collections.py" line="15" name="test_is_subset_is_superset" time="0.001211404800415039"></testcase><testcase classname="valid8.tests.test_validation_lib.test_validators_collections" file="valid8/tests/test_validation_lib/test_validators_collections.py" line="38" name="test_on_all" time="0.0017304420471191406"></testcase><testcase classname="valid8.tests.test_validation_lib.test_validators_collections" file="valid8/tests/test_validation_lib/test_validators_collections.py" line="47" name="test_on_each" time="0.0014896392822265625"></testcase><testcase classname="valid8.tests.test_validation_lib.test_validators_collections" file="valid8/tests/test_validation_lib/test_validators_collections.py" line="56" name="test_minlen" time="0.0014019012451171875"></testcase><testcase classname="valid8.tests.test_validation_lib.test_validators_collections" file="valid8/tests/test_validation_lib/test_validators_collections.py" line="63" name="test_minlens" time="0.0013394355773925781"></testcase><testcase classname="valid8.tests.test_validation_lib.test_validators_collections" file="valid8/tests/test_validation_lib/test_validators_collections.py" line="70" name="test_maxlen" time="0.0014753341674804688"></testcase><testcase classname="valid8.tests.test_validation_lib.test_validators_collections" file="valid8/tests/test_validation_lib/test_validators_collections.py" line="77" name="test_maxlens" time="0.0009350776672363281"></testcase><testcase classname="valid8.tests.test_validation_lib.test_validators_collections" file="valid8/tests/test_validation_lib/test_validators_collections.py" line="84" name="test_length_between" time="0.0010173320770263672"></testcase><testcase classname="valid8.tests.test_validation_lib.test_validators_comparables" file="valid8/tests/test_validation_lib/test_validators_comparables.py" line="5" name="test_gt" time="0.0008859634399414062"></testcase><testcase classname="valid8.tests.test_validation_lib.test_validators_comparables" file="valid8/tests/test_validation_lib/test_validators_comparables.py" line="12" name="test_gts" time="0.0012359619140625"></testcase><testcase classname="valid8.tests.test_validation_lib.test_validators_comparables" file="valid8/tests/test_validation_lib/test_validators_comparables.py" line="19" name="test_lt" time="0.0008580684661865234"></testcase><testcase classname="valid8.tests.test_validation_lib.test_validators_comparables" file="valid8/tests/test_validation_lib/test_validators_comparables.py" line="26" name="test_lts" time="0.0013899803161621094"></testcase><testcase classname="valid8.tests.test_validation_lib.test_validators_comparables" file="valid8/tests/test_validation_lib/test_validators_comparables.py" line="33" name="test_between" time="0.0012466907501220703"></testcase><testcase classname="valid8.tests.test_validation_lib.test_validators_numbers" file="valid8/tests/test_validation_lib/test_validators_numbers.py" line="5" name="test_is_even" time="0.0008540153503417969"></testcase><testcase classname="valid8.tests.test_validation_lib.test_validators_numbers" file="valid8/tests/test_validation_lib/test_validators_numbers.py" line="11" name="test_is_odd" time="0.0018391609191894531"></testcase><testcase classname="valid8.tests.test_validation_lib.test_validators_numbers" file="valid8/tests/test_validation_lib/test_validators_numbers.py" line="17" name="test_is_multiple_of" time="0.0009250640869140625"></testcase><testcase classname="valid8.tests.test_validation_lib.test_validators_types" file="valid8/tests/test_validation_lib/test_validators_types.py" line="5" name="test_instance_of" time="0.0010151863098144531"></testcase><testcase classname="valid8.tests.test_validation_lib.test_validators_types" file="valid8/tests/test_validation_lib/test_validators_types.py" line="19" name="test_subclass_of" time="0.0008401870727539062"></testcase></testsuite>