<?xml version="1.0" encoding="utf-8"?><testsuite errors="1" failures="0" name="pytest" skips="0" tests="1" time="0.810"><testcase classname="" file="valid8/tests/test_packaging_wild.py" name="valid8.tests.test_packaging_wild" time="0"><error message="collection failure">valid8/tests/test_packaging_wild.py:1: in &lt;module&gt;
    from valid8 import *  # this relies on &apos;__all__&apos;
E   AttributeError: module &apos;valid8&apos; has no attribute &apos;collections&apos;</error></testcase></testsuite>